This file contains any messages produced by compilers while
running configure, to aid debugging if configure makes a mistake.

It was created by sqlite configure 3.8.3.1, which was
generated by GNU Autoconf 2.69.  Invocation command line was

  $ ./configure 

## --------- ##
## Platform. ##
## --------- ##

hostname = Trevors-MacBook-Pro.local
uname -m = x86_64
uname -r = 13.0.0
uname -s = Darwin
uname -v = Darwin Kernel Version 13.0.0: Thu Sep 19 22:22:27 PDT 2013; root:xnu-2422.1.72~6/RELEASE_X86_64

/usr/bin/uname -p = i386
/bin/uname -X     = unknown

/bin/arch              = unknown
/usr/bin/arch -k       = unknown
/usr/convex/getsysinfo = unknown
/usr/bin/hostinfo      = Mach kernel version:
	 Darwin Kernel Version 13.0.0: Thu Sep 19 22:22:27 PDT 2013; root:xnu-2422.1.72~6/RELEASE_X86_64
Kernel configured for up to 8 processors.
4 processors are physically available.
8 processors are logically available.
Processor type: i486 (Intel 80486)
Processors active: 0 1 2 3 4 5 6 7
Primary memory available: 8.00 gigabytes
Default processor set: 185 tasks, 878 threads, 8 processors
Load average: 1.76, Mach factor: 6.23
/bin/machine           = unknown
/usr/bin/oslevel       = unknown
/bin/universe          = unknown

PATH: /usr/bin
PATH: /bin
PATH: /usr/sbin
PATH: /sbin
PATH: /usr/local/bin
PATH: /Tint/Runtime/depot_tools_mac
PATH: /Users/tlinton/Library/Emscripten/
PATH: /Users/tlinton/Library/Emscripten/clang/3.2_64bit/bin
PATH: /Users/tlinton/Library/Emscripten/node/0.10.18_64bit/bin
PATH: /Users/tlinton/Library/Emscripten/emscripten/1.8.2


## ----------- ##
## Core tests. ##
## ----------- ##

configure:2212: checking for a BSD-compatible install
configure:2280: result: /usr/bin/install -c
configure:2291: checking whether build environment is sane
configure:2341: result: yes
configure:2482: checking for a thread-safe mkdir -p
configure:2521: result: ./install-sh -c -d
configure:2534: checking for gawk
configure:2564: result: no
configure:2534: checking for mawk
configure:2564: result: no
configure:2534: checking for nawk
configure:2564: result: no
configure:2534: checking for awk
configure:2550: found /usr/bin/awk
configure:2561: result: awk
configure:2572: checking whether make sets $(MAKE)
configure:2594: result: yes
configure:2687: checking for style of include used by make
configure:2715: result: GNU
configure:2786: checking for gcc
configure:2813: result: /Users/tlinton/Library/Emscripten/emscripten/1.8.2/emcc
configure:3042: checking for C compiler version
configure:3051: /Users/tlinton/Library/Emscripten/emscripten/1.8.2/emcc --version >&5
emcc (Emscripten GCC-like replacement) 1.8.2 ()
Copyright (C) 2013 the Emscripten authors (see AUTHORS.txt)
This is free and open source software under the MIT license.
There is NO warranty; not even for MERCHANTABILITY or FITNESS FOR A PARTICULAR PURPOSE.
  
configure:3062: $? = 0
configure:3051: /Users/tlinton/Library/Emscripten/emscripten/1.8.2/emcc -v >&5
emcc (Emscripten GCC-like replacement + linker emulating GNU ld ) 1.8.2
clang version 3.2 (tags/RELEASE_32/final)
Target: x86_64-apple-darwin13.0.0
Thread model: posix
configure:3062: $? = 0
configure:3051: /Users/tlinton/Library/Emscripten/emscripten/1.8.2/emcc -V >&5
clang: error: unsupported option '-V -nostdinc'
clang: error: no input files
configure:3062: $? = 1
configure:3051: /Users/tlinton/Library/Emscripten/emscripten/1.8.2/emcc -qversion >&5
clang: error: no input files
configure:3062: $? = 1
configure:3082: checking whether the C compiler works
configure:3104: /Users/tlinton/Library/Emscripten/emscripten/1.8.2/emcc    conftest.c  >&5
configure:3108: $? = 0
configure:3156: result: yes
configure:3159: checking for C compiler default output file name
configure:3161: result: a.out
configure:3167: checking for suffix of executables
configure:3174: /Users/tlinton/Library/Emscripten/emscripten/1.8.2/emcc -o conftest    conftest.c  >&5
configure:3178: $? = 0
configure:3200: result: 
configure:3222: checking whether we are cross compiling
configure:3230: /Users/tlinton/Library/Emscripten/emscripten/1.8.2/emcc -o conftest    conftest.c  >&5
configure:3234: $? = 0
configure:3241: ./conftest
configure:3245: $? = 0
configure:3260: result: no
configure:3265: checking for suffix of object files
configure:3287: /Users/tlinton/Library/Emscripten/emscripten/1.8.2/emcc -c   conftest.c >&5
configure:3291: $? = 0
configure:3312: result: o
configure:3316: checking whether we are using the GNU C compiler
configure:3335: /Users/tlinton/Library/Emscripten/emscripten/1.8.2/emcc -c   conftest.c >&5
configure:3335: $? = 0
configure:3344: result: yes
configure:3353: checking whether /Users/tlinton/Library/Emscripten/emscripten/1.8.2/emcc accepts -g
configure:3373: /Users/tlinton/Library/Emscripten/emscripten/1.8.2/emcc -c -g  conftest.c >&5
configure:3373: $? = 0
configure:3414: result: yes
configure:3431: checking for /Users/tlinton/Library/Emscripten/emscripten/1.8.2/emcc option to accept ISO C89
configure:3494: /Users/tlinton/Library/Emscripten/emscripten/1.8.2/emcc  -c   conftest.c >&5
configure:3494: $? = 0
configure:3507: result: none needed
configure:3529: checking dependency style of /Users/tlinton/Library/Emscripten/emscripten/1.8.2/emcc
configure:3640: result: gcc3
configure:3663: checking for special C compiler options needed for large files
configure:3708: result: no
configure:3714: checking for _FILE_OFFSET_BITS value needed for large files
configure:3739: /Users/tlinton/Library/Emscripten/emscripten/1.8.2/emcc -c   conftest.c >&5
conftest.c:17:22: error: 'off_t_is_large' declared as an array with a negative size
  int off_t_is_large[(LARGE_OFF_T % 2147483629 == 721
                     ^~~~~~~~~~~~~~~~~~~~~~~~~~~~~~~~
1 error generated.
configure:3739: $? = 1
configure: failed program was:
| /* confdefs.h */
| #define PACKAGE_NAME "sqlite"
| #define PACKAGE_TARNAME "sqlite"
| #define PACKAGE_VERSION "3.8.3.1"
| #define PACKAGE_STRING "sqlite 3.8.3.1"
| #define PACKAGE_BUGREPORT "http://www.sqlite.org"
| #define PACKAGE_URL ""
| #define PACKAGE "sqlite"
| #define VERSION "3.8.3.1"
| /* end confdefs.h.  */
| #include <sys/types.h>
|  /* Check that off_t can represent 2**63 - 1 correctly.
|     We can't simply define LARGE_OFF_T to be 9223372036854775807,
|     since some C++ compilers masquerading as C compilers
|     incorrectly reject 9223372036854775807.  */
| #define LARGE_OFF_T (((off_t) 1 << 62) - 1 + ((off_t) 1 << 62))
|   int off_t_is_large[(LARGE_OFF_T % 2147483629 == 721
| 		       && LARGE_OFF_T % 2147483647 == 1)
| 		      ? 1 : -1];
| int
| main ()
| {
| 
|   ;
|   return 0;
| }
configure:3763: /Users/tlinton/Library/Emscripten/emscripten/1.8.2/emcc -c   conftest.c >&5
conftest.c:18:22: error: 'off_t_is_large' declared as an array with a negative size
  int off_t_is_large[(LARGE_OFF_T % 2147483629 == 721
                     ^~~~~~~~~~~~~~~~~~~~~~~~~~~~~~~~
1 error generated.
configure:3763: $? = 1
configure: failed program was:
| /* confdefs.h */
| #define PACKAGE_NAME "sqlite"
| #define PACKAGE_TARNAME "sqlite"
| #define PACKAGE_VERSION "3.8.3.1"
| #define PACKAGE_STRING "sqlite 3.8.3.1"
| #define PACKAGE_BUGREPORT "http://www.sqlite.org"
| #define PACKAGE_URL ""
| #define PACKAGE "sqlite"
| #define VERSION "3.8.3.1"
| /* end confdefs.h.  */
| #define _FILE_OFFSET_BITS 64
| #include <sys/types.h>
|  /* Check that off_t can represent 2**63 - 1 correctly.
|     We can't simply define LARGE_OFF_T to be 9223372036854775807,
|     since some C++ compilers masquerading as C compilers
|     incorrectly reject 9223372036854775807.  */
| #define LARGE_OFF_T (((off_t) 1 << 62) - 1 + ((off_t) 1 << 62))
|   int off_t_is_large[(LARGE_OFF_T % 2147483629 == 721
| 		       && LARGE_OFF_T % 2147483647 == 1)
| 		      ? 1 : -1];
| int
| main ()
| {
| 
|   ;
|   return 0;
| }
configure:3771: result: unknown
configure:3783: checking for _LARGE_FILES value needed for large files
configure:3808: /Users/tlinton/Library/Emscripten/emscripten/1.8.2/emcc -c   conftest.c >&5
conftest.c:17:22: error: 'off_t_is_large' declared as an array with a negative size
  int off_t_is_large[(LARGE_OFF_T % 2147483629 == 721
                     ^~~~~~~~~~~~~~~~~~~~~~~~~~~~~~~~
1 error generated.
configure:3808: $? = 1
configure: failed program was:
| /* confdefs.h */
| #define PACKAGE_NAME "sqlite"
| #define PACKAGE_TARNAME "sqlite"
| #define PACKAGE_VERSION "3.8.3.1"
| #define PACKAGE_STRING "sqlite 3.8.3.1"
| #define PACKAGE_BUGREPORT "http://www.sqlite.org"
| #define PACKAGE_URL ""
| #define PACKAGE "sqlite"
| #define VERSION "3.8.3.1"
| /* end confdefs.h.  */
| #include <sys/types.h>
|  /* Check that off_t can represent 2**63 - 1 correctly.
|     We can't simply define LARGE_OFF_T to be 9223372036854775807,
|     since some C++ compilers masquerading as C compilers
|     incorrectly reject 9223372036854775807.  */
| #define LARGE_OFF_T (((off_t) 1 << 62) - 1 + ((off_t) 1 << 62))
|   int off_t_is_large[(LARGE_OFF_T % 2147483629 == 721
| 		       && LARGE_OFF_T % 2147483647 == 1)
| 		      ? 1 : -1];
| int
| main ()
| {
| 
|   ;
|   return 0;
| }
configure:3832: /Users/tlinton/Library/Emscripten/emscripten/1.8.2/emcc -c   conftest.c >&5
conftest.c:18:22: error: 'off_t_is_large' declared as an array with a negative size
  int off_t_is_large[(LARGE_OFF_T % 2147483629 == 721
                     ^~~~~~~~~~~~~~~~~~~~~~~~~~~~~~~~
1 error generated.
configure:3832: $? = 1
configure: failed program was:
| /* confdefs.h */
| #define PACKAGE_NAME "sqlite"
| #define PACKAGE_TARNAME "sqlite"
| #define PACKAGE_VERSION "3.8.3.1"
| #define PACKAGE_STRING "sqlite 3.8.3.1"
| #define PACKAGE_BUGREPORT "http://www.sqlite.org"
| #define PACKAGE_URL ""
| #define PACKAGE "sqlite"
| #define VERSION "3.8.3.1"
| /* end confdefs.h.  */
| #define _LARGE_FILES 1
| #include <sys/types.h>
|  /* Check that off_t can represent 2**63 - 1 correctly.
|     We can't simply define LARGE_OFF_T to be 9223372036854775807,
|     since some C++ compilers masquerading as C compilers
|     incorrectly reject 9223372036854775807.  */
| #define LARGE_OFF_T (((off_t) 1 << 62) - 1 + ((off_t) 1 << 62))
|   int off_t_is_large[(LARGE_OFF_T % 2147483629 == 721
| 		       && LARGE_OFF_T % 2147483647 == 1)
| 		      ? 1 : -1];
| int
| main ()
| {
| 
|   ;
|   return 0;
| }
configure:3840: result: unknown
configure:3906: checking for gcc
configure:3933: result: /Users/tlinton/Library/Emscripten/emscripten/1.8.2/emcc
configure:4162: checking for C compiler version
configure:4171: /Users/tlinton/Library/Emscripten/emscripten/1.8.2/emcc --version >&5
emcc (Emscripten GCC-like replacement) 1.8.2 ()
Copyright (C) 2013 the Emscripten authors (see AUTHORS.txt)
This is free and open source software under the MIT license.
There is NO warranty; not even for MERCHANTABILITY or FITNESS FOR A PARTICULAR PURPOSE.
  
configure:4182: $? = 0
configure:4171: /Users/tlinton/Library/Emscripten/emscripten/1.8.2/emcc -v >&5
emcc (Emscripten GCC-like replacement + linker emulating GNU ld ) 1.8.2
clang version 3.2 (tags/RELEASE_32/final)
Target: x86_64-apple-darwin13.0.0
Thread model: posix
configure:4182: $? = 0
configure:4171: /Users/tlinton/Library/Emscripten/emscripten/1.8.2/emcc -V >&5
clang: error: unsupported option '-V -nostdinc'
clang: error: no input files
configure:4182: $? = 1
configure:4171: /Users/tlinton/Library/Emscripten/emscripten/1.8.2/emcc -qversion >&5
clang: error: no input files
configure:4182: $? = 1
configure:4186: checking whether we are using the GNU C compiler
configure:4214: result: yes
configure:4223: checking whether /Users/tlinton/Library/Emscripten/emscripten/1.8.2/emcc accepts -g
configure:4284: result: yes
configure:4301: checking for /Users/tlinton/Library/Emscripten/emscripten/1.8.2/emcc option to accept ISO C89
configure:4377: result: none needed
configure:4399: checking dependency style of /Users/tlinton/Library/Emscripten/emscripten/1.8.2/emcc
configure:4510: result: gcc3
configure:4568: checking for ranlib
configure:4595: result: /Users/tlinton/Library/Emscripten/emscripten/1.8.2/emranlib
configure:4646: checking build system type
configure:4660: result: x86_64-apple-darwin13.0.0
configure:4680: checking host system type
configure:4693: result: x86_64-apple-darwin13.0.0
configure:4734: checking how to print strings
configure:4761: result: printf
configure:4782: checking for a sed that does not truncate output
configure:4846: result: /usr/bin/sed
configure:4864: checking for grep that handles long lines and -e
configure:4922: result: /usr/bin/grep
configure:4927: checking for egrep
configure:4989: result: /usr/bin/grep -E
configure:4994: checking for fgrep
configure:5056: result: /usr/bin/grep -F
configure:5091: checking for ld used by /Users/tlinton/Library/Emscripten/emscripten/1.8.2/emcc
configure:5158: result: /Users/tlinton/Library/Emscripten/emscripten/1.8.2/emcc
configure:5165: checking if the linker (/Users/tlinton/Library/Emscripten/emscripten/1.8.2/emcc) is GNU ld
configure:5180: result: yes
configure:5192: checking for BSD- or MS-compatible name lister (nm)
configure:5241: result: /usr/bin/nm
configure:5371: checking the name lister (/usr/bin/nm) interface
configure:5378: /Users/tlinton/Library/Emscripten/emscripten/1.8.2/emcc -c   conftest.c >&5
configure:5381: /usr/bin/nm "conftest.o"
configure:5384: output
0000000000000000 S _some_variable
configure:5391: result: BSD nm
configure:5394: checking whether ln -s works
configure:5398: result: yes
configure:5406: checking the maximum length of command line arguments
configure:5536: result: 196608
configure:5553: checking whether the shell understands some XSI constructs
configure:5563: result: yes
configure:5567: checking whether the shell understands "+="
configure:5573: result: yes
configure:5608: checking how to convert x86_64-apple-darwin13.0.0 file names to x86_64-apple-darwin13.0.0 format
configure:5648: result: func_convert_file_noop
configure:5655: checking how to convert x86_64-apple-darwin13.0.0 file names to toolchain format
configure:5675: result: func_convert_file_noop
configure:5682: checking for /Users/tlinton/Library/Emscripten/emscripten/1.8.2/emcc option to reload object files
configure:5689: result: -r
configure:5763: checking for objdump
configure:5793: result: no
configure:5822: checking how to recognize dependent libraries
configure:6024: result: pass_all
configure:6109: checking for dlltool
configure:6139: result: no
configure:6169: checking how to associate runtime and link libraries
configure:6196: result: printf %s\n
configure:6320: checking for archiver @FILE support
configure:6337: /Users/tlinton/Library/Emscripten/emscripten/1.8.2/emcc -c   conftest.c >&5
configure:6337: $? = 0
configure:6340: /Users/tlinton/Library/Emscripten/emscripten/1.8.2/emar cru libconftest.a @conftest.lst >&5
configure:6343: $? = 0
configure:6348: /Users/tlinton/Library/Emscripten/emscripten/1.8.2/emar cru libconftest.a @conftest.lst >&5
/Users/tlinton/Library/Emscripten/clang/3.2_64bit/bin/llvm-ar: File does not exist: conftest.o

configure:6351: $? = 0
configure:6363: result: no
configure:6421: checking for strip
configure:6437: found /usr/bin/strip
configure:6448: result: strip
configure:6520: checking for ranlib
configure:6547: result: /Users/tlinton/Library/Emscripten/emscripten/1.8.2/emranlib
configure:6649: checking command to parse /usr/bin/nm output from /Users/tlinton/Library/Emscripten/emscripten/1.8.2/emcc object
configure:6769: /Users/tlinton/Library/Emscripten/emscripten/1.8.2/emcc -c   conftest.c >&5
configure:6772: $? = 0
configure:6776: /usr/bin/nm conftest.o \| sed -n -e 's/^.*[ ]\([BCDEGRST][BCDEGRST]*\)[ ][ ]*\([_A-Za-z][_A-Za-z0-9]*\)$/\1 \2 \2/p' | sed '/ __gnu_lto/d' \> conftest.nm
configure:6779: $? = 0
cannot find nm_test_var in conftest.nm
configure:6769: /Users/tlinton/Library/Emscripten/emscripten/1.8.2/emcc -c   conftest.c >&5
configure:6772: $? = 0
configure:6776: /usr/bin/nm conftest.o \| sed -n -e 's/^.*[ ]\([BCDEGRST][BCDEGRST]*\)[ ][ ]*_\([_A-Za-z][_A-Za-z0-9]*\)$/\1 _\2 \2/p' | sed '/ __gnu_lto/d' \> conftest.nm
configure:6779: $? = 0
configure:6845: /Users/tlinton/Library/Emscripten/emscripten/1.8.2/emcc -o conftest    conftest.c conftstm.o >&5
configure:6848: $? = 0
configure:6886: result: ok
configure:6923: checking for sysroot
configure:6953: result: no
configure:7209: checking for mt
configure:7239: result: no
configure:7259: checking if : is a manifest tool
configure:7265: : '-?'
configure:7273: result: no
configure:7329: checking for dsymutil
configure:7345: found /usr/bin/dsymutil
configure:7356: result: dsymutil
configure:7421: checking for nmedit
configure:7437: found /usr/bin/nmedit
configure:7448: result: nmedit
configure:7513: checking for lipo
configure:7529: found /usr/bin/lipo
configure:7540: result: lipo
configure:7605: checking for otool
configure:7621: found /usr/bin/otool
configure:7632: result: otool
configure:7697: checking for otool64
configure:7727: result: no
configure:7772: checking for -single_module linker flag
/Users/tlinton/Library/Emscripten/emscripten/1.8.2/emcc   -o libconftest.dylib -dynamiclib -Wl,-single_module conftest.c
configure:7805: result: yes
configure:7808: checking for -exported_symbols_list linker flag
configure:7828: /Users/tlinton/Library/Emscripten/emscripten/1.8.2/emcc -o conftest    -Wl,-exported_symbols_list,conftest.sym conftest.c  >&5
configure:7828: $? = 0
configure:7838: result: yes
configure:7841: checking for -force_load linker flag
/Users/tlinton/Library/Emscripten/emscripten/1.8.2/emcc  -c -o conftest.o conftest.c
/Users/tlinton/Library/Emscripten/emscripten/1.8.2/emar cru libconftest.a conftest.o
/Users/tlinton/Library/Emscripten/emscripten/1.8.2/emranlib libconftest.a
/Users/tlinton/Library/Emscripten/emscripten/1.8.2/emcc   -o conftest conftest.c -Wl,-force_load,./libconftest.a
ld: warning: ignoring file ./libconftest.a, file was built for archive which is not the architecture being linked (x86_64): ./libconftest.a
configure:7873: result: no
configure:7915: checking how to run the C preprocessor
configure:7946: /Users/tlinton/Library/Emscripten/emscripten/1.8.2/emcc -E  conftest.c
configure:7946: $? = 0
configure:7960: /Users/tlinton/Library/Emscripten/emscripten/1.8.2/emcc -E  conftest.c
conftest.c:11:10: fatal error: 'ac_nonexistent.h' file not found
#include <ac_nonexistent.h>
         ^
1 error generated.
configure:7960: $? = 1
configure: failed program was:
| /* confdefs.h */
| #define PACKAGE_NAME "sqlite"
| #define PACKAGE_TARNAME "sqlite"
| #define PACKAGE_VERSION "3.8.3.1"
| #define PACKAGE_STRING "sqlite 3.8.3.1"
| #define PACKAGE_BUGREPORT "http://www.sqlite.org"
| #define PACKAGE_URL ""
| #define PACKAGE "sqlite"
| #define VERSION "3.8.3.1"
| /* end confdefs.h.  */
| #include <ac_nonexistent.h>
configure:7985: result: /Users/tlinton/Library/Emscripten/emscripten/1.8.2/emcc -E
configure:8005: /Users/tlinton/Library/Emscripten/emscripten/1.8.2/emcc -E  conftest.c
configure:8005: $? = 0
configure:8019: /Users/tlinton/Library/Emscripten/emscripten/1.8.2/emcc -E  conftest.c
conftest.c:11:10: fatal error: 'ac_nonexistent.h' file not found
#include <ac_nonexistent.h>
         ^
1 error generated.
configure:8019: $? = 1
configure: failed program was:
| /* confdefs.h */
| #define PACKAGE_NAME "sqlite"
| #define PACKAGE_TARNAME "sqlite"
| #define PACKAGE_VERSION "3.8.3.1"
| #define PACKAGE_STRING "sqlite 3.8.3.1"
| #define PACKAGE_BUGREPORT "http://www.sqlite.org"
| #define PACKAGE_URL ""
| #define PACKAGE "sqlite"
| #define VERSION "3.8.3.1"
| /* end confdefs.h.  */
| #include <ac_nonexistent.h>
configure:8048: checking for ANSI C header files
configure:8068: /Users/tlinton/Library/Emscripten/emscripten/1.8.2/emcc -c   conftest.c >&5
configure:8068: $? = 0
configure:8141: /Users/tlinton/Library/Emscripten/emscripten/1.8.2/emcc -o conftest    conftest.c  >&5
configure:8141: $? = 0
configure:8141: ./conftest
configure:8141: $? = 0
configure:8152: result: yes
configure:8165: checking for sys/types.h
configure:8165: /Users/tlinton/Library/Emscripten/emscripten/1.8.2/emcc -c   conftest.c >&5
configure:8165: $? = 0
configure:8165: result: yes
configure:8165: checking for sys/stat.h
configure:8165: /Users/tlinton/Library/Emscripten/emscripten/1.8.2/emcc -c   conftest.c >&5
configure:8165: $? = 0
configure:8165: result: yes
configure:8165: checking for stdlib.h
configure:8165: /Users/tlinton/Library/Emscripten/emscripten/1.8.2/emcc -c   conftest.c >&5
configure:8165: $? = 0
configure:8165: result: yes
configure:8165: checking for string.h
configure:8165: /Users/tlinton/Library/Emscripten/emscripten/1.8.2/emcc -c   conftest.c >&5
configure:8165: $? = 0
configure:8165: result: yes
configure:8165: checking for memory.h
configure:8165: /Users/tlinton/Library/Emscripten/emscripten/1.8.2/emcc -c   conftest.c >&5
configure:8165: $? = 0
configure:8165: result: yes
configure:8165: checking for strings.h
configure:8165: /Users/tlinton/Library/Emscripten/emscripten/1.8.2/emcc -c   conftest.c >&5
configure:8165: $? = 0
configure:8165: result: yes
configure:8165: checking for inttypes.h
configure:8165: /Users/tlinton/Library/Emscripten/emscripten/1.8.2/emcc -c   conftest.c >&5
configure:8165: $? = 0
configure:8165: result: yes
configure:8165: checking for stdint.h
configure:8165: /Users/tlinton/Library/Emscripten/emscripten/1.8.2/emcc -c   conftest.c >&5
configure:8165: $? = 0
configure:8165: result: yes
configure:8165: checking for unistd.h
configure:8165: /Users/tlinton/Library/Emscripten/emscripten/1.8.2/emcc -c   conftest.c >&5
configure:8165: $? = 0
configure:8165: result: yes
configure:8179: checking for dlfcn.h
configure:8179: /Users/tlinton/Library/Emscripten/emscripten/1.8.2/emcc -c   conftest.c >&5
configure:8179: $? = 0
configure:8179: result: yes
configure:8385: checking for objdir
configure:8400: result: .libs
configure:8667: checking if /Users/tlinton/Library/Emscripten/emscripten/1.8.2/emcc supports -fno-rtti -fno-exceptions
configure:8685: /Users/tlinton/Library/Emscripten/emscripten/1.8.2/emcc -c   -fno-rtti -fno-exceptions conftest.c >&5
configure:8689: $? = 0
configure:8702: result: yes
configure:9029: checking for /Users/tlinton/Library/Emscripten/emscripten/1.8.2/emcc option to produce PIC
configure:9036: result: -fno-common -DPIC
configure:9044: checking if /Users/tlinton/Library/Emscripten/emscripten/1.8.2/emcc PIC flag -fno-common -DPIC works
configure:9062: /Users/tlinton/Library/Emscripten/emscripten/1.8.2/emcc -c   -fno-common -DPIC -DPIC conftest.c >&5
configure:9066: $? = 0
configure:9079: result: yes
configure:9108: checking if /Users/tlinton/Library/Emscripten/emscripten/1.8.2/emcc static flag -static works
configure:9136: result: no
configure:9151: checking if /Users/tlinton/Library/Emscripten/emscripten/1.8.2/emcc supports -c -o file.o
configure:9172: /Users/tlinton/Library/Emscripten/emscripten/1.8.2/emcc -c   -o out/conftest2.o conftest.c >&5
configure:9176: $? = 0
configure:9198: result: yes
configure:9206: checking if /Users/tlinton/Library/Emscripten/emscripten/1.8.2/emcc supports -c -o file.o
configure:9253: result: yes
configure:9286: checking whether the /Users/tlinton/Library/Emscripten/emscripten/1.8.2/emcc linker (/Users/tlinton/Library/Emscripten/emscripten/1.8.2/emcc) supports shared libraries
configure:10439: result: yes
configure:10476: checking whether -lc should be explicitly linked in
configure:10484: /Users/tlinton/Library/Emscripten/emscripten/1.8.2/emcc -c   conftest.c >&5
configure:10487: $? = 0
configure:10502: /Users/tlinton/Library/Emscripten/emscripten/1.8.2/emcc -shared  -fno-common -DPIC conftest.o  -v -Wl,-soname -Wl,conftest -o conftest 2\>\&1 \| /usr/bin/grep  -lc  \>/dev/null 2\>\&1
configure:10505: $? = 1
configure:10519: result: yes
configure:10679: checking dynamic linker characteristics
configure:11412: result: darwin13.0.0 dyld
configure:11519: checking how to hardcode library paths into programs
configure:11544: result: immediate
configure:12084: checking whether stripping libraries is possible
configure:12098: result: yes
configure:12124: checking if libtool supports shared libraries
configure:12126: result: yes
configure:12129: checking whether to build shared libraries
configure:12150: result: yes
configure:12153: checking whether to build static libraries
configure:12157: result: yes
configure:12200: checking for fdatasync
configure:12200: /Users/tlinton/Library/Emscripten/emscripten/1.8.2/emcc -o conftest    conftest.c  >&5
configure:12200: $? = 0
configure:12200: result: yes
configure:12200: checking for usleep
configure:12200: /Users/tlinton/Library/Emscripten/emscripten/1.8.2/emcc -o conftest    conftest.c  >&5
configure:12200: $? = 0
configure:12200: result: yes
configure:12200: checking for fullfsync
configure:12200: /Users/tlinton/Library/Emscripten/emscripten/1.8.2/emcc -o conftest    conftest.c  >&5
Undefined symbols for architecture x86_64:
  "_fullfsync", referenced from:
      _main in conftest-EKf2N2.o
ld: symbol(s) not found for architecture x86_64
clang: error: linker command failed with exit code 1 (use -v to see invocation)
configure:12200: $? = 1
configure: failed program was:
| /* confdefs.h */
| #define PACKAGE_NAME "sqlite"
| #define PACKAGE_TARNAME "sqlite"
| #define PACKAGE_VERSION "3.8.3.1"
| #define PACKAGE_STRING "sqlite 3.8.3.1"
| #define PACKAGE_BUGREPORT "http://www.sqlite.org"
| #define PACKAGE_URL ""
| #define PACKAGE "sqlite"
| #define VERSION "3.8.3.1"
| #define STDC_HEADERS 1
| #define HAVE_SYS_TYPES_H 1
| #define HAVE_SYS_STAT_H 1
| #define HAVE_STDLIB_H 1
| #define HAVE_STRING_H 1
| #define HAVE_MEMORY_H 1
| #define HAVE_STRINGS_H 1
| #define HAVE_INTTYPES_H 1
| #define HAVE_STDINT_H 1
| #define HAVE_UNISTD_H 1
| #define HAVE_DLFCN_H 1
| #define LT_OBJDIR ".libs/"
| #define HAVE_FDATASYNC 1
| #define HAVE_USLEEP 1
| /* end confdefs.h.  */
| /* Define fullfsync to an innocuous variant, in case <limits.h> declares fullfsync.
|    For example, HP-UX 11i <limits.h> declares gettimeofday.  */
| #define fullfsync innocuous_fullfsync
| 
| /* System header to define __stub macros and hopefully few prototypes,
|     which can conflict with char fullfsync (); below.
|     Prefer <limits.h> to <assert.h> if __STDC__ is defined, since
|     <limits.h> exists even on freestanding compilers.  */
| 
| #ifdef __STDC__
| # include <limits.h>
| #else
| # include <assert.h>
| #endif
| 
| #undef fullfsync
| 
| /* Override any GCC internal prototype to avoid an error.
|    Use char because int might match the return type of a GCC
|    builtin and then its argument prototype would still apply.  */
| #ifdef __cplusplus
| extern "C"
| #endif
| char fullfsync ();
| /* The GNU C library defines this for functions which it implements
|     to always fail with ENOSYS.  Some functions are actually named
|     something starting with __ and the normal name is an alias.  */
| #if defined __stub_fullfsync || defined __stub___fullfsync
| choke me
| #endif
| 
| int
| main ()
| {
| return fullfsync ();
|   ;
|   return 0;
| }
configure:12200: result: no
configure:12200: checking for localtime_r
configure:12200: /Users/tlinton/Library/Emscripten/emscripten/1.8.2/emcc -o conftest    conftest.c  >&5
configure:12200: $? = 0
configure:12200: result: yes
configure:12200: checking for gmtime_r
configure:12200: /Users/tlinton/Library/Emscripten/emscripten/1.8.2/emcc -o conftest    conftest.c  >&5
configure:12200: $? = 0
configure:12200: result: yes
configure:12209: checking whether strerror_r is declared
configure:12209: /Users/tlinton/Library/Emscripten/emscripten/1.8.2/emcc -c   conftest.c >&5
configure:12209: $? = 0
configure:12209: result: yes
configure:12222: checking for strerror_r
configure:12222: /Users/tlinton/Library/Emscripten/emscripten/1.8.2/emcc -o conftest    conftest.c  >&5
configure:12222: $? = 0
configure:12222: result: yes
configure:12231: checking whether strerror_r returns char *
configure:12255: /Users/tlinton/Library/Emscripten/emscripten/1.8.2/emcc -c   conftest.c >&5
conftest.c:67:13: error: indirection requires pointer operand ('int' invalid)
          char x = *strerror_r (0, buf, sizeof buf);
                   ^~~~~~~~~~~~~~~~~~~~~~~~~~~~~~~~
conftest.c:68:10: warning: incompatible integer to pointer conversion initializing 'char *' with an expression of type 'int' [-Wint-conversion]
          char *p = strerror_r (0, buf, sizeof buf);
                ^   ~~~~~~~~~~~~~~~~~~~~~~~~~~~~~~~
1 warning and 1 error generated.
configure:12255: $? = 1
configure: failed program was:
| /* confdefs.h */
| #define PACKAGE_NAME "sqlite"
| #define PACKAGE_TARNAME "sqlite"
| #define PACKAGE_VERSION "3.8.3.1"
| #define PACKAGE_STRING "sqlite 3.8.3.1"
| #define PACKAGE_BUGREPORT "http://www.sqlite.org"
| #define PACKAGE_URL ""
| #define PACKAGE "sqlite"
| #define VERSION "3.8.3.1"
| #define STDC_HEADERS 1
| #define HAVE_SYS_TYPES_H 1
| #define HAVE_SYS_STAT_H 1
| #define HAVE_STDLIB_H 1
| #define HAVE_STRING_H 1
| #define HAVE_MEMORY_H 1
| #define HAVE_STRINGS_H 1
| #define HAVE_INTTYPES_H 1
| #define HAVE_STDINT_H 1
| #define HAVE_UNISTD_H 1
| #define HAVE_DLFCN_H 1
| #define LT_OBJDIR ".libs/"
| #define HAVE_FDATASYNC 1
| #define HAVE_USLEEP 1
| #define HAVE_LOCALTIME_R 1
| #define HAVE_GMTIME_R 1
| #define HAVE_DECL_STRERROR_R 1
| #define HAVE_STRERROR_R 1
| /* end confdefs.h.  */
| #include <stdio.h>
| #ifdef HAVE_SYS_TYPES_H
| # include <sys/types.h>
| #endif
| #ifdef HAVE_SYS_STAT_H
| # include <sys/stat.h>
| #endif
| #ifdef STDC_HEADERS
| # include <stdlib.h>
| # include <stddef.h>
| #else
| # ifdef HAVE_STDLIB_H
| #  include <stdlib.h>
| # endif
| #endif
| #ifdef HAVE_STRING_H
| # if !defined STDC_HEADERS && defined HAVE_MEMORY_H
| #  include <memory.h>
| # endif
| # include <string.h>
| #endif
| #ifdef HAVE_STRINGS_H
| # include <strings.h>
| #endif
| #ifdef HAVE_INTTYPES_H
| # include <inttypes.h>
| #endif
| #ifdef HAVE_STDINT_H
| # include <stdint.h>
| #endif
| #ifdef HAVE_UNISTD_H
| # include <unistd.h>
| #endif
| int
| main ()
| {
| 
| 	  char buf[100];
| 	  char x = *strerror_r (0, buf, sizeof buf);
| 	  char *p = strerror_r (0, buf, sizeof buf);
| 	  return !p || x;
| 
|   ;
|   return 0;
| }
configure:12293: result: no
configure:12319: checking for library containing tgetent
configure:12350: /Users/tlinton/Library/Emscripten/emscripten/1.8.2/emcc -o conftest    conftest.c  >&5
Undefined symbols for architecture x86_64:
  "_tgetent", referenced from:
      _main in conftest-iE7k4R.o
ld: symbol(s) not found for architecture x86_64
clang: error: linker command failed with exit code 1 (use -v to see invocation)
configure:12350: $? = 1
configure: failed program was:
| /* confdefs.h */
| #define PACKAGE_NAME "sqlite"
| #define PACKAGE_TARNAME "sqlite"
| #define PACKAGE_VERSION "3.8.3.1"
| #define PACKAGE_STRING "sqlite 3.8.3.1"
| #define PACKAGE_BUGREPORT "http://www.sqlite.org"
| #define PACKAGE_URL ""
| #define PACKAGE "sqlite"
| #define VERSION "3.8.3.1"
| #define STDC_HEADERS 1
| #define HAVE_SYS_TYPES_H 1
| #define HAVE_SYS_STAT_H 1
| #define HAVE_STDLIB_H 1
| #define HAVE_STRING_H 1
| #define HAVE_MEMORY_H 1
| #define HAVE_STRINGS_H 1
| #define HAVE_INTTYPES_H 1
| #define HAVE_STDINT_H 1
| #define HAVE_UNISTD_H 1
| #define HAVE_DLFCN_H 1
| #define LT_OBJDIR ".libs/"
| #define HAVE_FDATASYNC 1
| #define HAVE_USLEEP 1
| #define HAVE_LOCALTIME_R 1
| #define HAVE_GMTIME_R 1
| #define HAVE_DECL_STRERROR_R 1
| #define HAVE_STRERROR_R 1
| /* end confdefs.h.  */
| 
| /* Override any GCC internal prototype to avoid an error.
|    Use char because int might match the return type of a GCC
|    builtin and then its argument prototype would still apply.  */
| #ifdef __cplusplus
| extern "C"
| #endif
| char tgetent ();
| int
| main ()
| {
| return tgetent ();
|   ;
|   return 0;
| }
configure:12350: /Users/tlinton/Library/Emscripten/emscripten/1.8.2/emcc -o conftest    conftest.c -lcurses   >&5
configure:12350: $? = 0
configure:12367: result: -lcurses
configure:12375: checking for library containing readline
configure:12406: /Users/tlinton/Library/Emscripten/emscripten/1.8.2/emcc -o conftest    conftest.c -lcurses  >&5
Undefined symbols for architecture x86_64:
  "_readline", referenced from:
      _main in conftest-4hPHpp.o
ld: symbol(s) not found for architecture x86_64
clang: error: linker command failed with exit code 1 (use -v to see invocation)
configure:12406: $? = 1
configure: failed program was:
| /* confdefs.h */
| #define PACKAGE_NAME "sqlite"
| #define PACKAGE_TARNAME "sqlite"
| #define PACKAGE_VERSION "3.8.3.1"
| #define PACKAGE_STRING "sqlite 3.8.3.1"
| #define PACKAGE_BUGREPORT "http://www.sqlite.org"
| #define PACKAGE_URL ""
| #define PACKAGE "sqlite"
| #define VERSION "3.8.3.1"
| #define STDC_HEADERS 1
| #define HAVE_SYS_TYPES_H 1
| #define HAVE_SYS_STAT_H 1
| #define HAVE_STDLIB_H 1
| #define HAVE_STRING_H 1
| #define HAVE_MEMORY_H 1
| #define HAVE_STRINGS_H 1
| #define HAVE_INTTYPES_H 1
| #define HAVE_STDINT_H 1
| #define HAVE_UNISTD_H 1
| #define HAVE_DLFCN_H 1
| #define LT_OBJDIR ".libs/"
| #define HAVE_FDATASYNC 1
| #define HAVE_USLEEP 1
| #define HAVE_LOCALTIME_R 1
| #define HAVE_GMTIME_R 1
| #define HAVE_DECL_STRERROR_R 1
| #define HAVE_STRERROR_R 1
| /* end confdefs.h.  */
| 
| /* Override any GCC internal prototype to avoid an error.
|    Use char because int might match the return type of a GCC
|    builtin and then its argument prototype would still apply.  */
| #ifdef __cplusplus
| extern "C"
| #endif
| char readline ();
| int
| main ()
| {
| return readline ();
|   ;
|   return 0;
| }
configure:12406: /Users/tlinton/Library/Emscripten/emscripten/1.8.2/emcc -o conftest    conftest.c -lreadline  -lcurses  >&5
configure:12406: $? = 0
configure:12423: result: -lreadline
configure:12435: checking for readline
configure:12435: /Users/tlinton/Library/Emscripten/emscripten/1.8.2/emcc -o conftest    conftest.c -lreadline -lcurses  >&5
configure:12435: $? = 0
configure:12435: result: yes
configure:12463: checking for library containing pthread_create
configure:12494: /Users/tlinton/Library/Emscripten/emscripten/1.8.2/emcc -o conftest    conftest.c  >&5
configure:12494: $? = 0
configure:12511: result: none required
configure:12534: checking for library containing dlopen
configure:12565: /Users/tlinton/Library/Emscripten/emscripten/1.8.2/emcc -o conftest    conftest.c  >&5
configure:12565: $? = 0
configure:12582: result: none required
configure:12593: checking for whether to support dynamic extensions
configure:12595: result: yes
configure:12602: checking for posix_fallocate
configure:12602: /Users/tlinton/Library/Emscripten/emscripten/1.8.2/emcc -o conftest    conftest.c  >&5
Undefined symbols for architecture x86_64:
  "_posix_fallocate", referenced from:
      _main in conftest-9ohUYv.o
ld: symbol(s) not found for architecture x86_64
clang: error: linker command failed with exit code 1 (use -v to see invocation)
configure:12602: $? = 1
configure: failed program was:
| /* confdefs.h */
| #define PACKAGE_NAME "sqlite"
| #define PACKAGE_TARNAME "sqlite"
| #define PACKAGE_VERSION "3.8.3.1"
| #define PACKAGE_STRING "sqlite 3.8.3.1"
| #define PACKAGE_BUGREPORT "http://www.sqlite.org"
| #define PACKAGE_URL ""
| #define PACKAGE "sqlite"
| #define VERSION "3.8.3.1"
| #define STDC_HEADERS 1
| #define HAVE_SYS_TYPES_H 1
| #define HAVE_SYS_STAT_H 1
| #define HAVE_STDLIB_H 1
| #define HAVE_STRING_H 1
| #define HAVE_MEMORY_H 1
| #define HAVE_STRINGS_H 1
| #define HAVE_INTTYPES_H 1
| #define HAVE_STDINT_H 1
| #define HAVE_UNISTD_H 1
| #define HAVE_DLFCN_H 1
| #define LT_OBJDIR ".libs/"
| #define HAVE_FDATASYNC 1
| #define HAVE_USLEEP 1
| #define HAVE_LOCALTIME_R 1
| #define HAVE_GMTIME_R 1
| #define HAVE_DECL_STRERROR_R 1
| #define HAVE_STRERROR_R 1
| #define HAVE_READLINE 1
| /* end confdefs.h.  */
| /* Define posix_fallocate to an innocuous variant, in case <limits.h> declares posix_fallocate.
|    For example, HP-UX 11i <limits.h> declares gettimeofday.  */
| #define posix_fallocate innocuous_posix_fallocate
| 
| /* System header to define __stub macros and hopefully few prototypes,
|     which can conflict with char posix_fallocate (); below.
|     Prefer <limits.h> to <assert.h> if __STDC__ is defined, since
|     <limits.h> exists even on freestanding compilers.  */
| 
| #ifdef __STDC__
| # include <limits.h>
| #else
| # include <assert.h>
| #endif
| 
| #undef posix_fallocate
| 
| /* Override any GCC internal prototype to avoid an error.
|    Use char because int might match the return type of a GCC
|    builtin and then its argument prototype would still apply.  */
| #ifdef __cplusplus
| extern "C"
| #endif
| char posix_fallocate ();
| /* The GNU C library defines this for functions which it implements
|     to always fail with ENOSYS.  Some functions are actually named
|     something starting with __ and the normal name is an alias.  */
| #if defined __stub_posix_fallocate || defined __stub___posix_fallocate
| choke me
| #endif
| 
| int
| main ()
| {
| return posix_fallocate ();
|   ;
|   return 0;
| }
configure:12602: result: no
configure:12807: creating ./config.status

## ---------------------- ##
## Running config.status. ##
## ---------------------- ##

This file was extended by sqlite config.status 3.8.3.1, which was
generated by GNU Autoconf 2.69.  Invocation command line was

  CONFIG_FILES    = 
  CONFIG_HEADERS  = 
  CONFIG_LINKS    = 
  CONFIG_COMMANDS = 
  $ ./config.status 

on Trevors-MacBook-Pro.local

config.status:1002: creating Makefile
config.status:1002: creating sqlite3.pc
config.status:1174: executing depfiles commands
config.status:1174: executing libtool commands

## ---------------- ##
## Cache variables. ##
## ---------------- ##

ac_cv_build=x86_64-apple-darwin13.0.0
ac_cv_c_compiler_gnu=yes
ac_cv_env_CC_set=set
ac_cv_env_CC_value=/Users/tlinton/Library/Emscripten/emscripten/1.8.2/emcc
ac_cv_env_CFLAGS_set=set
ac_cv_env_CFLAGS_value=
ac_cv_env_CPPFLAGS_set=
ac_cv_env_CPPFLAGS_value=
ac_cv_env_CPP_set=
ac_cv_env_CPP_value=
ac_cv_env_LDFLAGS_set=
ac_cv_env_LDFLAGS_value=
ac_cv_env_LIBS_set=
ac_cv_env_LIBS_value=
ac_cv_env_build_alias_set=
ac_cv_env_build_alias_value=
ac_cv_env_host_alias_set=
ac_cv_env_host_alias_value=
ac_cv_env_target_alias_set=
ac_cv_env_target_alias_value=
ac_cv_func_fdatasync=yes
ac_cv_func_fullfsync=no
ac_cv_func_gmtime_r=yes
ac_cv_func_localtime_r=yes
ac_cv_func_posix_fallocate=no
ac_cv_func_readline=yes
ac_cv_func_strerror_r=yes
ac_cv_func_strerror_r_char_p=no
ac_cv_func_usleep=yes
ac_cv_have_decl_strerror_r=yes
ac_cv_header_dlfcn_h=yes
ac_cv_header_inttypes_h=yes
ac_cv_header_memory_h=yes
ac_cv_header_stdc=yes
ac_cv_header_stdint_h=yes
ac_cv_header_stdlib_h=yes
ac_cv_header_string_h=yes
ac_cv_header_strings_h=yes
ac_cv_header_sys_stat_h=yes
ac_cv_header_sys_types_h=yes
ac_cv_header_unistd_h=yes
ac_cv_host=x86_64-apple-darwin13.0.0
ac_cv_objext=o
ac_cv_path_EGREP='/usr/bin/grep -E'
ac_cv_path_FGREP='/usr/bin/grep -F'
ac_cv_path_GREP=/usr/bin/grep
ac_cv_path_SED=/usr/bin/sed
ac_cv_path_install='/usr/bin/install -c'
ac_cv_prog_AWK=awk
ac_cv_prog_CPP='/Users/tlinton/Library/Emscripten/emscripten/1.8.2/emcc -E'
ac_cv_prog_ac_ct_CC=/Users/tlinton/Library/Emscripten/emscripten/1.8.2/emcc
ac_cv_prog_ac_ct_DSYMUTIL=dsymutil
ac_cv_prog_ac_ct_LIPO=lipo
ac_cv_prog_ac_ct_NMEDIT=nmedit
ac_cv_prog_ac_ct_OTOOL=otool
ac_cv_prog_ac_ct_RANLIB=/Users/tlinton/Library/Emscripten/emscripten/1.8.2/emranlib
ac_cv_prog_ac_ct_STRIP=strip
ac_cv_prog_cc_c89=
ac_cv_prog_cc_g=yes
ac_cv_prog_make_make_set=yes
ac_cv_search_dlopen='none required'
ac_cv_search_pthread_create='none required'
ac_cv_search_readline=-lreadline
ac_cv_search_tgetent=-lcurses
ac_cv_sys_file_offset_bits=unknown
ac_cv_sys_large_files=unknown
ac_cv_sys_largefile_CC=no
am_cv_CC_dependencies_compiler_type=gcc3
lt_cv_apple_cc_single_mod=yes
lt_cv_ar_at_file=no
lt_cv_archive_cmds_need_lc=yes
lt_cv_deplibs_check_method=pass_all
lt_cv_file_magic_cmd='$MAGIC_CMD'
lt_cv_file_magic_test_file=
lt_cv_ld_exported_symbols_list=yes
lt_cv_ld_force_load=no
lt_cv_ld_reload_flag=-r
lt_cv_nm_interface='BSD nm'
lt_cv_objdir=.libs
lt_cv_path_LD=/Users/tlinton/Library/Emscripten/emscripten/1.8.2/emcc
lt_cv_path_NM=/usr/bin/nm
lt_cv_path_mainfest_tool=no
lt_cv_prog_compiler_c_o=yes
lt_cv_prog_compiler_pic='-fno-common -DPIC'
lt_cv_prog_compiler_pic_works=yes
lt_cv_prog_compiler_rtti_exceptions=yes
lt_cv_prog_compiler_static_works=no
lt_cv_prog_gnu_ld=yes
lt_cv_sharedlib_from_linklib_cmd='printf %s\n'
lt_cv_sys_global_symbol_pipe='sed -n -e '\''s/^.*[	 ]\([BCDEGRST][BCDEGRST]*\)[	 ][	 ]*_\([_A-Za-z][_A-Za-z0-9]*\)$/\1 _\2 \2/p'\'' | sed '\''/ __gnu_lto/d'\'''
lt_cv_sys_global_symbol_to_c_name_address='sed -n -e '\''s/^: \([^ ]*\)[ ]*$/  {\"\1\", (void *) 0},/p'\'' -e '\''s/^[BCDEGRST]* \([^ ]*\) \([^ ]*\)$/  {"\2", (void *) \&\2},/p'\'''
lt_cv_sys_global_symbol_to_c_name_address_lib_prefix='sed -n -e '\''s/^: \([^ ]*\)[ ]*$/  {\"\1\", (void *) 0},/p'\'' -e '\''s/^[BCDEGRST]* \([^ ]*\) \(lib[^ ]*\)$/  {"\2", (void *) \&\2},/p'\'' -e '\''s/^[BCDEGRST]* \([^ ]*\) \([^ ]*\)$/  {"lib\2", (void *) \&\2},/p'\'''
lt_cv_sys_global_symbol_to_cdecl='sed -n -e '\''s/^T .* \(.*\)$/extern int \1();/p'\'' -e '\''s/^[BCDEGRST]* .* \(.*\)$/extern char \1;/p'\'''
lt_cv_sys_max_cmd_len=196608
lt_cv_to_host_file_cmd=func_convert_file_noop
lt_cv_to_tool_file_cmd=func_convert_file_noop

## ----------------- ##
## Output variables. ##
## ----------------- ##

ACLOCAL='${SHELL} /Users/tlinton/Downloads/sqlite-autoconf-3080301/missing --run aclocal-1.11'
AMDEPBACKSLASH='\'
AMDEP_FALSE='#'
AMDEP_TRUE=''
AMTAR='$${TAR-tar}'
AR='/Users/tlinton/Library/Emscripten/emscripten/1.8.2/emar'
AUTOCONF='${SHELL} /Users/tlinton/Downloads/sqlite-autoconf-3080301/missing --run autoconf'
AUTOHEADER='${SHELL} /Users/tlinton/Downloads/sqlite-autoconf-3080301/missing --run autoheader'
AUTOMAKE='${SHELL} /Users/tlinton/Downloads/sqlite-autoconf-3080301/missing --run automake-1.11'
AWK='awk'
BUILD_CFLAGS=''
CC='/Users/tlinton/Library/Emscripten/emscripten/1.8.2/emcc'
CCDEPMODE='depmode=gcc3'
CFLAGS=''
CPP='/Users/tlinton/Library/Emscripten/emscripten/1.8.2/emcc -E'
CPPFLAGS=''
CYGPATH_W='echo'
DEFS='-DPACKAGE_NAME=\"sqlite\" -DPACKAGE_TARNAME=\"sqlite\" -DPACKAGE_VERSION=\"3.8.3.1\" -DPACKAGE_STRING=\"sqlite\ 3.8.3.1\" -DPACKAGE_BUGREPORT=\"http://www.sqlite.org\" -DPACKAGE_URL=\"\" -DPACKAGE=\"sqlite\" -DVERSION=\"3.8.3.1\" -DSTDC_HEADERS=1 -DHAVE_SYS_TYPES_H=1 -DHAVE_SYS_STAT_H=1 -DHAVE_STDLIB_H=1 -DHAVE_STRING_H=1 -DHAVE_MEMORY_H=1 -DHAVE_STRINGS_H=1 -DHAVE_INTTYPES_H=1 -DHAVE_STDINT_H=1 -DHAVE_UNISTD_H=1 -DHAVE_DLFCN_H=1 -DLT_OBJDIR=\".libs/\" -DHAVE_FDATASYNC=1 -DHAVE_USLEEP=1 -DHAVE_LOCALTIME_R=1 -DHAVE_GMTIME_R=1 -DHAVE_DECL_STRERROR_R=1 -DHAVE_STRERROR_R=1 -DHAVE_READLINE=1'
DEPDIR='.deps'
DLLTOOL='false'
DSYMUTIL='dsymutil'
DUMPBIN=''
DYNAMIC_EXTENSION_FLAGS=''
ECHO_C='\c'
ECHO_N=''
ECHO_T=''
EGREP='/usr/bin/grep -E'
EXEEXT=''
FGREP='/usr/bin/grep -F'
GREP='/usr/bin/grep'
INSTALL_DATA='${INSTALL} -m 644'
INSTALL_PROGRAM='${INSTALL}'
INSTALL_SCRIPT='${INSTALL}'
INSTALL_STRIP_PROGRAM='$(install_sh) -c -s'
LD='/Users/tlinton/Library/Emscripten/emscripten/1.8.2/emcc'
LDFLAGS=''
LIBOBJS=''
LIBS=''
LIBTOOL='$(SHELL) $(top_builddir)/libtool'
LIPO='lipo'
LN_S='ln -s'
LTLIBOBJS=''
MAKEINFO='${SHELL} /Users/tlinton/Downloads/sqlite-autoconf-3080301/missing --run makeinfo'
MANIFEST_TOOL=':'
MKDIR_P='./install-sh -c -d'
NM='/usr/bin/nm'
NMEDIT='nmedit'
OBJDUMP='false'
OBJEXT='o'
OTOOL64=':'
OTOOL='otool'
PACKAGE='sqlite'
PACKAGE_BUGREPORT='http://www.sqlite.org'
PACKAGE_NAME='sqlite'
PACKAGE_STRING='sqlite 3.8.3.1'
PACKAGE_TARNAME='sqlite'
PACKAGE_URL=''
PACKAGE_VERSION='3.8.3.1'
PATH_SEPARATOR=':'
RANLIB='/Users/tlinton/Library/Emscripten/emscripten/1.8.2/emranlib'
READLINE_LIBS='-lreadline -lcurses '
SED='/usr/bin/sed'
SET_MAKE=''
SHELL='/bin/sh'
STRIP='strip'
THREADSAFE_FLAGS='-D_REENTRANT=1 -DSQLITE_THREADSAFE=1'
VERSION='3.8.3.1'
ac_ct_AR=''
ac_ct_CC='/Users/tlinton/Library/Emscripten/emscripten/1.8.2/emcc'
ac_ct_DUMPBIN=''
am__EXEEXT_FALSE=''
am__EXEEXT_TRUE='#'
am__fastdepCC_FALSE='#'
am__fastdepCC_TRUE=''
am__include='include'
am__isrc=''
am__leading_dot='.'
am__nodep='_no'
am__quote=''
am__tar='$${TAR-tar} chof - "$$tardir"'
am__untar='$${TAR-tar} xf -'
bindir='${exec_prefix}/bin'
build='x86_64-apple-darwin13.0.0'
build_alias=''
build_cpu='x86_64'
build_os='darwin13.0.0'
build_vendor='apple'
datadir='${datarootdir}'
datarootdir='${prefix}/share'
docdir='${datarootdir}/doc/${PACKAGE_TARNAME}'
dvidir='${docdir}'
exec_prefix='${prefix}'
host='x86_64-apple-darwin13.0.0'
host_alias=''
host_cpu='x86_64'
host_os='darwin13.0.0'
host_vendor='apple'
htmldir='${docdir}'
includedir='${prefix}/include'
infodir='${datarootdir}/info'
install_sh='${SHELL} /Users/tlinton/Downloads/sqlite-autoconf-3080301/install-sh'
libdir='${exec_prefix}/lib'
libexecdir='${exec_prefix}/libexec'
localedir='${datarootdir}/locale'
localstatedir='${prefix}/var'
mandir='${datarootdir}/man'
mkdir_p='$(top_builddir)/./install-sh -c -d'
oldincludedir='/usr/include'
pdfdir='${docdir}'
prefix='/usr/local'
program_transform_name='s,x,x,'
psdir='${docdir}'
sbindir='${exec_prefix}/sbin'
sharedstatedir='${prefix}/com'
sysconfdir='${prefix}/etc'
target_alias=''

## ----------- ##
## confdefs.h. ##
## ----------- ##

/* confdefs.h */
#define PACKAGE_NAME "sqlite"
#define PACKAGE_TARNAME "sqlite"
#define PACKAGE_VERSION "3.8.3.1"
#define PACKAGE_STRING "sqlite 3.8.3.1"
#define PACKAGE_BUGREPORT "http://www.sqlite.org"
#define PACKAGE_URL ""
#define PACKAGE "sqlite"
#define VERSION "3.8.3.1"
#define STDC_HEADERS 1
#define HAVE_SYS_TYPES_H 1
#define HAVE_SYS_STAT_H 1
#define HAVE_STDLIB_H 1
#define HAVE_STRING_H 1
#define HAVE_MEMORY_H 1
#define HAVE_STRINGS_H 1
#define HAVE_INTTYPES_H 1
#define HAVE_STDINT_H 1
#define HAVE_UNISTD_H 1
#define HAVE_DLFCN_H 1
#define LT_OBJDIR ".libs/"
#define HAVE_FDATASYNC 1
#define HAVE_USLEEP 1
#define HAVE_LOCALTIME_R 1
#define HAVE_GMTIME_R 1
#define HAVE_DECL_STRERROR_R 1
#define HAVE_STRERROR_R 1
#define HAVE_READLINE 1

configure: exit 0
